2018-05-14T14:26:50.924093Z 0 [Warning] TIMESTAMP with implicit DEFAULT value is deprecated. Please use --explicit_defaults_for_timestamp server option (see documentation for more details).
2018-05-14T14:26:50.924093Z 0 [Note] --secure-file-priv is set to NULL. Operations related to importing and exporting data are disabled
2018-05-14T14:26:50.925093Z 0 [Note] E:\University\Year2\GradedUnit2\GradedUnit\Development\GradedUnitProject/libs/mysql/bin/mysqld.exe (mysqld 5.7.20) starting as process 1424 ...
2018-05-14T14:26:51.086093Z 0 [Note] InnoDB: Mutexes and rw_locks use Windows interlocked functions
2018-05-14T14:26:51.089093Z 0 [Note] InnoDB: Uses event mutexes
2018-05-14T14:26:51.090093Z 0 [Note] InnoDB: _mm_lfence() and _mm_sfence() are used for memory barrier
2018-05-14T14:26:51.094093Z 0 [Note] InnoDB: Compressed tables use zlib 1.2.3
2018-05-14T14:26:51.095093Z 0 [Note] InnoDB: Number of pools: 1
2018-05-14T14:26:51.110093Z 0 [Note] InnoDB: Not using CPU crc32 instructions
2018-05-14T14:26:51.152093Z 0 [Note] InnoDB: Initializing buffer pool, total size = 128M, instances = 1, chunk size = 128M
2018-05-14T14:26:51.201093Z 0 [Note] InnoDB: Completed initialization of buffer pool
2018-05-14T14:26:51.723093Z 0 [Note] InnoDB: Highest supported file format is Barracuda.
2018-05-14T14:26:53.948093Z 0 [ERROR] InnoDB: Operating system error number 3 in a file operation.
2018-05-14T14:26:53.957093Z 0 [ERROR] InnoDB: The error means the system cannot find the path specified.
2018-05-14T14:26:53.958093Z 0 [ERROR] InnoDB: If you are installing InnoDB, remember that you must create directories yourself, InnoDB does not create them.
2018-05-14T14:26:53.960093Z 0 [ERROR] InnoDB: Cannot open datafile for read-only: '.\room_booking\rooms.ibd' OS error: 103
2018-05-14T14:26:53.962093Z 0 [ERROR] InnoDB: Could not find a valid tablespace file for `room_booking/rooms`. Please refer to http://dev.mysql.com/doc/refman/5.7/en/innodb-troubleshooting-datadict.html for how to resolve the issue.
2018-05-14T14:26:53.964093Z 0 [Warning] InnoDB: Ignoring tablespace `room_booking/rooms` because it could not be opened.
2018-05-14T14:26:53.968093Z 0 [ERROR] InnoDB: Operating system error number 3 in a file operation.
2018-05-14T14:26:53.969093Z 0 [ERROR] InnoDB: The error means the system cannot find the path specified.
2018-05-14T14:26:53.970093Z 0 [ERROR] InnoDB: If you are installing InnoDB, remember that you must create directories yourself, InnoDB does not create them.
2018-05-14T14:26:53.972093Z 0 [ERROR] InnoDB: Cannot open datafile for read-only: '.\room_booking\users.ibd' OS error: 103
2018-05-14T14:26:53.973093Z 0 [ERROR] InnoDB: Could not find a valid tablespace file for `room_booking/users`. Please refer to http://dev.mysql.com/doc/refman/5.7/en/innodb-troubleshooting-datadict.html for how to resolve the issue.
2018-05-14T14:26:53.976093Z 0 [Warning] InnoDB: Ignoring tablespace `room_booking/users` because it could not be opened.
2018-05-14T14:26:53.999093Z 0 [Note] InnoDB: Creating shared tablespace for temporary tables
2018-05-14T14:26:54.006093Z 0 [Note] InnoDB: Setting file '.\ibtmp1' size to 12 MB. Physically writing the file full; Please wait ...
2018-05-14T14:26:54.928093Z 0 [Note] InnoDB: File '.\ibtmp1' size is now 12 MB.
2018-05-14T14:26:55.346093Z 0 [Note] InnoDB: 96 redo rollback segment(s) found. 96 redo rollback segment(s) are active.
2018-05-14T14:26:55.349093Z 0 [Note] InnoDB: 32 non-redo rollback segment(s) are active.
2018-05-14T14:26:55.352093Z 0 [Note] InnoDB: Waiting for purge to start
2018-05-14T14:26:55.408093Z 0 [Note] InnoDB: 5.7.20 started; log sequence number 5005574
2018-05-14T14:26:55.412093Z 0 [Note] Plugin 'FEDERATED' is disabled.
2018-05-14T14:26:55.429093Z 0 [Note] InnoDB: Loading buffer pool(s) from E:\University\Year2\GradedUnit2\GradedUnit\Development\GradedUnitProject\libs\mysql\data\ib_buffer_pool
2018-05-14T14:26:55.734093Z 0 [Warning] Failed to set up SSL because of the following SSL library error: SSL context is not usable without certificate and private key
2018-05-14T14:26:55.740093Z 0 [Note] Server hostname (bind-address): '*'; port: 3306
2018-05-14T14:26:55.752093Z 0 [Note] IPv6 is available.
2018-05-14T14:26:55.754093Z 0 [Note]   - '::' resolves to '::';
2018-05-14T14:26:55.756093Z 0 [Note] Server socket created on IP: '::'.
2018-05-14T14:26:55.789093Z 0 [Note] InnoDB: Buffer pool(s) load completed at 180514 15:26:55
2018-05-14T14:26:56.243093Z 0 [Note] Event Scheduler: Loaded 0 events
2018-05-14T14:26:56.244093Z 0 [Note] E:\University\Year2\GradedUnit2\GradedUnit\Development\GradedUnitProject/libs/mysql/bin/mysqld.exe: ready for connections.
Version: '5.7.20'  socket: ''  port: 3306  MySQL Community Server (GPL)
2018-05-14T14:26:56.248093Z 0 [Note] Executing 'SELECT * FROM INFORMATION_SCHEMA.TABLES;' to get a list of tables using the deprecated partition engine. You may use the startup option '--disable-partition-engine-check' to skip this check. 
2018-05-14T14:26:56.252093Z 0 [Note] Beginning of list of non-natively partitioned tables
2018-05-14T14:26:57.029093Z 0 [Note] End of list of non-natively partitioned tables
2018-05-14T14:28:21.868493Z 0 [Note] E:\University\Year2\GradedUnit2\GradedUnit\Development\GradedUnitProject/libs/mysql/bin/mysqld.exe: Normal shutdown

2018-05-14T14:28:21.868493Z 0 [Note] Giving 0 client threads a chance to die gracefully
2018-05-14T14:28:21.868493Z 0 [Note] Shutting down slave threads
2018-05-14T14:28:21.868493Z 0 [Note] Forcefully disconnecting 0 remaining clients
2018-05-14T14:28:21.884093Z 0 [Note] Event Scheduler: Purging the queue. 0 events
2018-05-14T14:28:21.884093Z 0 [Note] Binlog end
2018-05-14T14:28:21.899693Z 0 [Note] Shutting down plugin 'ngram'
2018-05-14T14:28:21.899693Z 0 [Note] Shutting down plugin 'partition'
2018-05-14T14:28:21.899693Z 0 [Note] Shutting down plugin 'BLACKHOLE'
2018-05-14T14:28:21.899693Z 0 [Note] Shutting down plugin 'ARCHIVE'
2018-05-14T14:28:21.899693Z 0 [Note] Shutting down plugin 'PERFORMANCE_SCHEMA'
2018-05-14T14:28:21.899693Z 0 [Note] Shutting down plugin 'MRG_MYISAM'
2018-05-14T14:28:21.899693Z 0 [Note] Shutting down plugin 'MyISAM'
2018-05-14T14:28:21.899693Z 0 [Note] Shutting down plugin 'INNODB_SYS_VIRTUAL'
2018-05-14T14:28:21.899693Z 0 [Note] Shutting down plugin 'INNODB_SYS_DATAFILES'
2018-05-14T14:28:21.899693Z 0 [Note] Shutting down plugin 'INNODB_SYS_TABLESPACES'
2018-05-14T14:28:21.899693Z 0 [Note] Shutting down plugin 'INNODB_SYS_FOREIGN_COLS'
2018-05-14T14:28:21.899693Z 0 [Note] Shutting down plugin 'INNODB_SYS_FOREIGN'
2018-05-14T14:28:21.899693Z 0 [Note] Shutting down plugin 'INNODB_SYS_FIELDS'
2018-05-14T14:28:21.899693Z 0 [Note] Shutting down plugin 'INNODB_SYS_COLUMNS'
2018-05-14T14:28:21.899693Z 0 [Note] Shutting down plugin 'INNODB_SYS_INDEXES'
2018-05-14T14:28:21.899693Z 0 [Note] Shutting down plugin 'INNODB_SYS_TABLESTATS'
2018-05-14T14:28:21.899693Z 0 [Note] Shutting down plugin 'INNODB_SYS_TABLES'
2018-05-14T14:28:21.899693Z 0 [Note] Shutting down plugin 'INNODB_FT_INDEX_TABLE'
2018-05-14T14:28:21.899693Z 0 [Note] Shutting down plugin 'INNODB_FT_INDEX_CACHE'
2018-05-14T14:28:21.915293Z 0 [Note] Shutting down plugin 'INNODB_FT_CONFIG'
2018-05-14T14:28:21.915293Z 0 [Note] Shutting down plugin 'INNODB_FT_BEING_DELETED'
2018-05-14T14:28:21.915293Z 0 [Note] Shutting down plugin 'INNODB_FT_DELETED'
2018-05-14T14:28:21.915293Z 0 [Note] Shutting down plugin 'INNODB_FT_DEFAULT_STOPWORD'
2018-05-14T14:28:21.915293Z 0 [Note] Shutting down plugin 'INNODB_METRICS'
2018-05-14T14:28:21.915293Z 0 [Note] Shutting down plugin 'INNODB_TEMP_TABLE_INFO'
2018-05-14T14:28:21.915293Z 0 [Note] Shutting down plugin 'INNODB_BUFFER_POOL_STATS'
2018-05-14T14:28:21.915293Z 0 [Note] Shutting down plugin 'INNODB_BUFFER_PAGE_LRU'
2018-05-14T14:28:21.915293Z 0 [Note] Shutting down plugin 'INNODB_BUFFER_PAGE'
2018-05-14T14:28:21.915293Z 0 [Note] Shutting down plugin 'INNODB_CMP_PER_INDEX_RESET'
2018-05-14T14:28:21.915293Z 0 [Note] Shutting down plugin 'INNODB_CMP_PER_INDEX'
2018-05-14T14:28:21.915293Z 0 [Note] Shutting down plugin 'INNODB_CMPMEM_RESET'
2018-05-14T14:28:21.915293Z 0 [Note] Shutting down plugin 'INNODB_CMPMEM'
2018-05-14T14:28:21.915293Z 0 [Note] Shutting down plugin 'INNODB_CMP_RESET'
2018-05-14T14:28:21.915293Z 0 [Note] Shutting down plugin 'INNODB_CMP'
2018-05-14T14:28:21.915293Z 0 [Note] Shutting down plugin 'INNODB_LOCK_WAITS'
2018-05-14T14:28:21.915293Z 0 [Note] Shutting down plugin 'INNODB_LOCKS'
2018-05-14T14:28:21.915293Z 0 [Note] Shutting down plugin 'INNODB_TRX'
2018-05-14T14:28:21.915293Z 0 [Note] Shutting down plugin 'InnoDB'
2018-05-14T14:28:21.915293Z 0 [Note] InnoDB: FTS optimize thread exiting.
2018-05-14T14:28:21.915293Z 0 [Note] InnoDB: Starting shutdown...
2018-05-14T14:28:22.040093Z 0 [Note] InnoDB: Dumping buffer pool(s) to E:\University\Year2\GradedUnit2\GradedUnit\Development\GradedUnitProject\libs\mysql\data\ib_buffer_pool
2018-05-14T14:28:22.071293Z 0 [Note] InnoDB: Buffer pool(s) dump completed at 180514 15:28:22
2018-05-14T14:28:23.007293Z 0 [Note] InnoDB: Shutdown completed; log sequence number 5005602
2018-05-14T14:28:23.022893Z 0 [Note] InnoDB: Removed temporary tablespace data file: "ibtmp1"
2018-05-14T14:28:23.022893Z 0 [Note] Shutting down plugin 'MEMORY'
2018-05-14T14:28:23.022893Z 0 [Note] Shutting down plugin 'CSV'
2018-05-14T14:28:23.022893Z 0 [Note] Shutting down plugin 'sha256_password'
2018-05-14T14:28:23.022893Z 0 [Note] Shutting down plugin 'mysql_native_password'
2018-05-14T14:28:23.022893Z 0 [Note] Shutting down plugin 'binlog'
2018-05-14T14:28:23.022893Z 0 [Note] E:\University\Year2\GradedUnit2\GradedUnit\Development\GradedUnitProject/libs/mysql/bin/mysqld.exe: Shutdown complete

